ERC report (2026-04-17T08:51:40, Encoding UTF8)
Report includes: Errors, Warnings, Exclusions

***** Sheet /
[isolated_pin_label]: Label connected to only one pin
    ; warning
    @(2750 mils, 2900 mils): Label 'PCA_CH0'
[isolated_pin_label]: Label connected to only one pin
    ; warning
    @(2750 mils, 3000 mils): Label 'PCA_CH1'
[isolated_pin_label]: Label connected to only one pin
    ; warning
    @(2750 mils, 3100 mils): Label 'PCA_CH2'
[isolated_pin_label]: Label connected to only one pin
    ; warning
    @(2750 mils, 3200 mils): Label 'PCA_CH3'
[isolated_pin_label]: Label connected to only one pin
    ; warning
    @(2750 mils, 3300 mils): Label 'PCA_CH4'
[isolated_pin_label]: Label connected to only one pin
    ; warning
    @(2750 mils, 3900 mils): Label 'PCA_CH10'
[isolated_pin_label]: Label connected to only one pin
    ; warning
    @(2750 mils, 4000 mils): Label 'PCA_CH11'
[isolated_pin_label]: Label connected to only one pin
    ; warning
    @(2750 mils, 4100 mils): Label 'PCA_CH12'
[isolated_pin_label]: Label connected to only one pin
    ; warning
    @(2750 mils, 4200 mils): Label 'PCA_CH13'
[isolated_pin_label]: Label connected to only one pin
    ; warning
    @(2750 mils, 4300 mils): Label 'PCA_CH14'
[isolated_pin_label]: Label connected to only one pin
    ; warning
    @(2750 mils, 4400 mils): Label 'PCA_CH15'

 ** ERC messages: 11  Errors 0  Warnings 11

 ** Ignored checks:
    - Global label only appears once in the schematic
    - Four connection points are joined together
    - SPICE model issue
    - Assigned footprint doesn't match footprint filters
