ERC report (2026-04-17T08:33:14, Encoding UTF8)
Report includes: Errors, Warnings, Exclusions

***** Sheet /
[power_pin_not_driven]: Input Power pin not driven by any Output Power pins
    ; error
    @(3700 mils, 2800 mils): Symbol U4 Pin 28 [VDD, Power input, Line]
[isolated_pin_label]: Label connected to only one pin
    ; warning
    @(4400 mils, 3100 mils): Label 'PCA_CH0'
[isolated_pin_label]: Label connected to only one pin
    ; warning
    @(4400 mils, 3200 mils): Label 'PCA_CH1'
[isolated_pin_label]: Label connected to only one pin
    ; warning
    @(4400 mils, 3300 mils): Label 'PCA_CH2'
[isolated_pin_label]: Label connected to only one pin
    ; warning
    @(4400 mils, 3400 mils): Label 'PCA_CH3'
[isolated_pin_label]: Label connected to only one pin
    ; warning
    @(4400 mils, 3500 mils): Label 'PCA_CH4'
[isolated_pin_label]: Label connected to only one pin
    ; warning
    @(4400 mils, 3600 mils): Label 'PCA_CH5'
[isolated_pin_label]: Label connected to only one pin
    ; warning
    @(4400 mils, 3700 mils): Label 'PCA_CH6'
[isolated_pin_label]: Label connected to only one pin
    ; warning
    @(4400 mils, 3800 mils): Label 'PCA_CH7'
[isolated_pin_label]: Label connected to only one pin
    ; warning
    @(4400 mils, 3900 mils): Label 'PCA_CH8'
[isolated_pin_label]: Label connected to only one pin
    ; warning
    @(4400 mils, 4000 mils): Label 'PCA_CH9'
[isolated_pin_label]: Label connected to only one pin
    ; warning
    @(4400 mils, 4100 mils): Label 'PCA_CH11'
[isolated_pin_label]: Label connected to only one pin
    ; warning
    @(4400 mils, 4200 mils): Label 'PCA_CH12'
[isolated_pin_label]: Label connected to only one pin
    ; warning
    @(4400 mils, 4300 mils): Label 'PCA_CH13'
[isolated_pin_label]: Label connected to only one pin
    ; warning
    @(4400 mils, 4400 mils): Label 'PCA_CH14'
[isolated_pin_label]: Label connected to only one pin
    ; warning
    @(4400 mils, 4500 mils): Label 'PCA_CH15'
[isolated_pin_label]: Label connected to only one pin
    ; warning
    @(4400 mils, 4600 mils): Label 'PCA_CH16'

 ** ERC messages: 17  Errors 1  Warnings 16

 ** Ignored checks:
    - Global label only appears once in the schematic
    - Four connection points are joined together
    - SPICE model issue
    - Assigned footprint doesn't match footprint filters
